[2020-08-08T23:29:26.426] [DEBUG] cheese - login => username:admin,password:123456
[2020-08-08T23:29:26.430] [DEBUG] cheese - admin
[2020-08-08T23:29:26.441] [DEBUG] cheese - null
[2020-08-08T23:29:26.441] [DEBUG] cheese - null
[2020-08-09T11:02:28.218] [DEBUG] cheese - login => username:admin,password:123456
[2020-08-09T11:02:28.222] [DEBUG] cheese - admin
[2020-08-09T11:02:28.505] [DEBUG] cheese - null
[2020-08-09T11:02:28.505] [DEBUG] cheese - null
[2020-08-09T19:29:48.070] [DEBUG] cheese - login => username:455,password:5555555
[2020-08-09T19:29:48.072] [DEBUG] cheese - 455
[2020-08-09T19:29:49.907] [DEBUG] cheese - null
[2020-08-09T19:29:49.907] [DEBUG] cheese - null
[2020-08-09T19:30:24.562] [DEBUG] cheese - login => username:123,password:123456
[2020-08-09T19:30:24.562] [DEBUG] cheese - 123
[2020-08-09T19:30:24.565] [DEBUG] cheese - null
[2020-08-09T19:30:24.565] [DEBUG] cheese - null
[2020-08-09T19:31:02.145] [DEBUG] cheese - login => username:1234,password:123456
[2020-08-09T19:31:02.145] [DEBUG] cheese - 1234
[2020-08-09T19:31:02.148] [DEBUG] cheese - null
[2020-08-09T19:31:02.148] [DEBUG] cheese - null
[2020-08-09T19:33:37.706] [DEBUG] cheese - login => username:zsf,password:123456
[2020-08-09T19:33:37.706] [DEBUG] cheese - zsf
[2020-08-09T19:33:37.711] [DEBUG] cheese - null
[2020-08-09T19:33:37.711] [DEBUG] cheese - null
[2020-08-09T20:42:43.055] [DEBUG] cheese - login => username:123,password:123456
[2020-08-09T20:42:43.055] [DEBUG] cheese - 123
[2020-08-09T20:42:43.058] [DEBUG] cheese - null
[2020-08-09T20:42:43.058] [DEBUG] cheese - null
[2020-08-09T20:42:48.859] [DEBUG] cheese - login => username:admin,password:123456
[2020-08-09T20:42:48.859] [DEBUG] cheese - admin
[2020-08-09T20:42:48.875] [DEBUG] cheese - null
[2020-08-09T20:42:48.875] [DEBUG] cheese - null
[2020-08-09T20:42:52.655] [DEBUG] cheese - login => username:admin,password:123456
[2020-08-09T20:42:52.655] [DEBUG] cheese - admin
[2020-08-09T20:42:52.658] [DEBUG] cheese - null
[2020-08-09T20:42:52.658] [DEBUG] cheese - null
[2020-08-09T20:43:57.187] [DEBUG] cheese - login => username:admin,password:123456
[2020-08-09T20:43:57.187] [DEBUG] cheese - admin
[2020-08-09T20:43:57.189] [DEBUG] cheese - null
[2020-08-09T20:43:57.190] [DEBUG] cheese - null
[2020-08-09T21:10:58.748] [DEBUG] cheese - login => username:admin,password:123456
[2020-08-09T21:10:58.748] [DEBUG] cheese - admin
[2020-08-09T21:10:58.753] [DEBUG] cheese - null
[2020-08-09T21:10:58.753] [DEBUG] cheese - null
[2020-08-09T21:11:44.877] [DEBUG] cheese - login => username:admin,password:123456
[2020-08-09T21:11:44.877] [DEBUG] cheese - admin
[2020-08-09T21:11:44.880] [DEBUG] cheese - null
[2020-08-09T21:11:44.880] [DEBUG] cheese - null
[2020-08-09T21:29:28.448] [DEBUG] cheese - login => username:admin,password:123456
[2020-08-09T21:29:28.448] [DEBUG] cheese - admin
[2020-08-09T21:29:28.452] [DEBUG] cheese - null
[2020-08-09T21:29:28.452] [DEBUG] cheese - null
[2020-08-09T21:33:52.445] [DEBUG] cheese - login => username:admin,password:123456
[2020-08-09T21:33:52.445] [DEBUG] cheese - admin
[2020-08-09T21:33:52.449] [DEBUG] cheese - null
[2020-08-09T21:33:52.449] [DEBUG] cheese - null
[2020-08-09T21:40:35.516] [DEBUG] cheese - login => username:admin,password:123456
[2020-08-09T21:40:35.516] [DEBUG] cheese - admin
[2020-08-09T21:40:35.518] [DEBUG] cheese - null
[2020-08-09T21:40:35.518] [DEBUG] cheese - null
[2020-08-10T17:06:37.599] [DEBUG] cheese - login => username:admin,password:123456
[2020-08-10T17:06:37.601] [DEBUG] cheese - admin
[2020-08-10T17:06:37.738] [DEBUG] cheese - null
[2020-08-10T17:06:37.738] [DEBUG] cheese - null
[2020-08-10T17:15:53.617] [DEBUG] cheese - login => username:admin,password:123456
[2020-08-10T17:15:53.617] [DEBUG] cheese - admin
[2020-08-10T17:15:53.620] [DEBUG] cheese - null
[2020-08-10T17:15:53.620] [DEBUG] cheese - null
[2020-08-10T21:27:37.222] [DEBUG] cheese - login => username:admin,password:123456
[2020-08-10T21:27:37.222] [DEBUG] cheese - admin
[2020-08-10T21:27:38.882] [DEBUG] cheese - null
[2020-08-10T21:27:38.882] [DEBUG] cheese - null
[2020-08-10T22:51:54.591] [DEBUG] cheese - login => username:admin,password:123456
[2020-08-10T22:51:54.591] [DEBUG] cheese - admin
[2020-08-10T22:51:56.254] [DEBUG] cheese - null
[2020-08-10T22:51:56.254] [DEBUG] cheese - null
[2020-08-11T10:46:50.253] [DEBUG] cheese - login => username:admin,password:123456
[2020-08-11T10:46:50.256] [DEBUG] cheese - admin
[2020-08-11T10:46:50.509] [DEBUG] cheese - null
[2020-08-11T10:46:50.510] [DEBUG] cheese - null
[2020-08-11T10:59:38.098] [DEBUG] cheese - login => username:admin,password:123456
[2020-08-11T10:59:38.098] [DEBUG] cheese - admin
[2020-08-11T10:59:38.103] [DEBUG] cheese - null
[2020-08-11T10:59:38.103] [DEBUG] cheese - null
[2020-08-11T14:35:17.477] [DEBUG] cheese - login => username:admin,password:123456
[2020-08-11T14:35:17.478] [DEBUG] cheese - admin
[2020-08-11T14:35:17.485] [DEBUG] cheese - null
[2020-08-11T14:35:17.486] [DEBUG] cheese - null
[2020-08-11T14:35:38.133] [DEBUG] cheese - login => username:admin,password:123456
[2020-08-11T14:35:38.134] [DEBUG] cheese - admin
[2020-08-11T14:35:38.136] [DEBUG] cheese - null
[2020-08-11T14:35:38.136] [DEBUG] cheese - null
[2020-08-11T15:26:23.930] [DEBUG] cheese - login => username:admin,password:123456
[2020-08-11T15:26:23.930] [DEBUG] cheese - admin
[2020-08-11T15:26:23.936] [DEBUG] cheese - null
[2020-08-11T15:26:23.936] [DEBUG] cheese - null
[2020-08-11T19:59:27.228] [DEBUG] cheese - login => username:admin,password:123456
[2020-08-11T19:59:27.229] [DEBUG] cheese - admin
[2020-08-11T19:59:27.236] [DEBUG] cheese - null
[2020-08-11T19:59:27.236] [DEBUG] cheese - null
[2020-08-11T22:10:02.287] [DEBUG] cheese - login => username:admin,password:123456
[2020-08-11T22:10:02.288] [DEBUG] cheese - admin
[2020-08-11T22:10:02.293] [DEBUG] cheese - null
[2020-08-11T22:10:02.293] [DEBUG] cheese - null
[2020-08-12T17:50:23.581] [DEBUG] cheese - login => username:admin,password:123456
[2020-08-12T17:50:23.583] [DEBUG] cheese - admin
[2020-08-12T17:50:23.961] [DEBUG] cheese - null
[2020-08-12T17:50:23.962] [DEBUG] cheese - null
[2020-08-12T18:22:37.375] [DEBUG] cheese - login => username:admin,password:123456
[2020-08-12T18:22:37.375] [DEBUG] cheese - admin
[2020-08-12T18:22:38.715] [DEBUG] cheese - login => username:admin,password:123456
[2020-08-12T18:22:38.715] [DEBUG] cheese - admin
[2020-08-12T18:22:38.908] [DEBUG] cheese - null
[2020-08-12T18:22:38.908] [DEBUG] cheese - null
[2020-08-12T18:22:38.977] [DEBUG] cheese - null
[2020-08-12T18:22:38.977] [DEBUG] cheese - null
[2020-08-12T18:22:47.437] [DEBUG] cheese - login => username:admin,password:123456
[2020-08-12T18:22:47.437] [DEBUG] cheese - admin
[2020-08-12T18:22:47.438] [DEBUG] cheese - null
[2020-08-12T18:22:47.438] [DEBUG] cheese - null
[2020-08-12T22:50:38.484] [DEBUG] cheese - null
[2020-08-12T22:51:41.199] [DEBUG] cheese - null
[2020-08-12T22:51:47.047] [DEBUG] cheese - null
[2020-08-12T22:52:12.390] [DEBUG] cheese - null
[2020-08-12T22:52:22.321] [DEBUG] cheese - null
[2020-08-12T22:54:23.935] [DEBUG] cheese - null
[2020-08-13T10:03:25.229] [DEBUG] cheese - login => username:admin,password:123456
[2020-08-13T10:03:25.231] [DEBUG] cheese - admin
[2020-08-13T10:03:25.724] [DEBUG] cheese - null
[2020-08-13T10:03:25.724] [DEBUG] cheese - null
[2020-08-13T21:08:57.866] [DEBUG] cheese - login => username:admin,password:123456
[2020-08-13T21:08:57.868] [DEBUG] cheese - admin
[2020-08-13T21:08:58.220] [DEBUG] cheese - null
[2020-08-13T21:08:58.221] [DEBUG] cheese - null
[2020-08-14T14:30:22.342] [DEBUG] cheese - login => username:admin,password:123456
[2020-08-14T14:30:22.344] [DEBUG] cheese - admin
[2020-08-14T14:30:22.469] [DEBUG] cheese - null
[2020-08-14T14:30:22.469] [DEBUG] cheese - null
[2020-08-14T16:14:17.863] [DEBUG] cheese - login => username:admin,password:123456
[2020-08-14T16:14:17.865] [DEBUG] cheese - admin
[2020-08-14T16:14:19.493] [DEBUG] cheese - null
[2020-08-14T16:14:19.494] [DEBUG] cheese - null
[2020-08-14T17:11:01.426] [DEBUG] cheese - login => username:admin,password:123456
[2020-08-14T17:11:01.427] [DEBUG] cheese - admin
[2020-08-14T17:11:01.436] [DEBUG] cheese - null
[2020-08-14T17:11:01.436] [DEBUG] cheese - null
[2020-08-14T17:25:16.773] [DEBUG] cheese - login => username:admin,password:123456
[2020-08-14T17:25:16.773] [DEBUG] cheese - admin
[2020-08-14T17:25:16.776] [DEBUG] cheese - null
[2020-08-14T17:25:16.776] [DEBUG] cheese - null
[2020-08-14T19:15:45.144] [DEBUG] cheese - login => username:admin,password:123456
[2020-08-14T19:15:45.145] [DEBUG] cheese - admin
[2020-08-14T19:15:46.772] [DEBUG] cheese - null
[2020-08-14T19:15:46.772] [DEBUG] cheese - null
[2020-08-15T21:15:21.163] [DEBUG] cheese - login => username:admin,password:123456
[2020-08-15T21:15:21.166] [DEBUG] cheese - admin
[2020-08-15T21:15:21.296] [DEBUG] cheese - null
[2020-08-15T21:15:21.297] [DEBUG] cheese - null
[2020-08-16T11:41:48.327] [DEBUG] cheese - login => username:admin,password:123456
[2020-08-16T11:41:48.328] [DEBUG] cheese - admin
[2020-08-16T11:41:48.562] [DEBUG] cheese - null
[2020-08-16T11:41:48.562] [DEBUG] cheese - null
[2020-08-16T21:40:38.775] [DEBUG] cheese - login => username:admin,password:123456
[2020-08-16T21:40:38.777] [DEBUG] cheese - admin
[2020-08-16T21:40:39.283] [DEBUG] cheese - null
[2020-08-16T21:40:39.283] [DEBUG] cheese - null
[2020-08-17T09:59:07.555] [DEBUG] cheese - login => username:admin,password:123456
[2020-08-17T09:59:07.557] [DEBUG] cheese - admin
[2020-08-17T09:59:08.049] [DEBUG] cheese - null
[2020-08-17T09:59:08.049] [DEBUG] cheese - null
[2020-08-17T18:48:54.903] [DEBUG] cheese - login => username:admin,password:123456
[2020-08-17T18:48:54.904] [DEBUG] cheese - admin
[2020-08-17T18:48:55.030] [DEBUG] cheese - null
[2020-08-17T18:48:55.031] [DEBUG] cheese - null
[2020-08-18T10:12:39.340] [DEBUG] cheese - login => username:admin,password:123456
[2020-08-18T10:12:39.342] [DEBUG] cheese - admin
[2020-08-18T10:12:39.404] [DEBUG] cheese - null
[2020-08-18T10:12:39.405] [DEBUG] cheese - null
[2020-08-18T16:24:18.352] [DEBUG] cheese - login => username:admin,password:123456
[2020-08-18T16:24:18.355] [DEBUG] cheese - admin
[2020-08-18T16:24:18.596] [DEBUG] cheese - null
[2020-08-18T16:24:18.596] [DEBUG] cheese - null
[2020-08-18T22:47:42.682] [DEBUG] cheese - null
[2020-08-18T22:49:25.366] [DEBUG] cheese - null
[2020-08-19T14:42:58.551] [DEBUG] cheese - login => username:admin,password:123456
[2020-08-19T14:42:58.554] [DEBUG] cheese - admin
[2020-08-19T14:42:58.742] [DEBUG] cheese - null
[2020-08-19T14:42:58.742] [DEBUG] cheese - null
[2020-08-20T09:23:34.194] [DEBUG] cheese - login => username:admin,password:123456
[2020-08-20T09:23:34.197] [DEBUG] cheese - admin
[2020-08-20T09:23:34.457] [DEBUG] cheese - null
[2020-08-20T09:23:34.457] [DEBUG] cheese - null
[2020-08-20T10:16:09.306] [DEBUG] cheese - login => username:admin,password:123456
[2020-08-20T10:16:09.308] [DEBUG] cheese - admin
[2020-08-20T10:16:10.968] [DEBUG] cheese - null
[2020-08-20T10:16:10.968] [DEBUG] cheese - null
[2020-08-20T23:06:11.142] [DEBUG] cheese - login => username:admin,password:123456
[2020-08-20T23:06:11.144] [DEBUG] cheese - admin
[2020-08-20T23:06:11.310] [DEBUG] cheese - null
[2020-08-20T23:06:11.310] [DEBUG] cheese - null
[2020-08-21T12:21:16.715] [DEBUG] cheese - login => username:admin,password:123456
[2020-08-21T12:21:16.717] [DEBUG] cheese - admin
[2020-08-21T12:21:16.926] [DEBUG] cheese - null
[2020-08-21T12:21:16.926] [DEBUG] cheese - null
[2020-08-21T13:31:56.803] [DEBUG] cheese - login => username:admin,password:123456
[2020-08-21T13:31:56.805] [DEBUG] cheese - admin
[2020-08-21T13:31:56.935] [DEBUG] cheese - null
[2020-08-21T13:31:56.936] [DEBUG] cheese - null
[2020-08-21T13:36:25.382] [DEBUG] cheese - login => username:admin,password:123456
[2020-08-21T13:36:25.384] [DEBUG] cheese - admin
[2020-08-21T13:36:25.395] [DEBUG] cheese - null
[2020-08-21T13:36:25.395] [DEBUG] cheese - null
[2020-08-21T13:42:35.457] [DEBUG] cheese - login => username:admin,password:123456
[2020-08-21T13:42:35.457] [DEBUG] cheese - admin
[2020-08-21T13:42:35.460] [DEBUG] cheese - null
[2020-08-21T13:42:35.460] [DEBUG] cheese - null
[2020-08-21T13:53:18.872] [DEBUG] cheese - login => username:admin,password:123456
[2020-08-21T13:53:18.873] [DEBUG] cheese - admin
[2020-08-21T13:53:18.875] [DEBUG] cheese - null
[2020-08-21T13:53:18.875] [DEBUG] cheese - null
[2020-08-21T13:57:08.668] [DEBUG] cheese - login => username:admin,password:123456
[2020-08-21T13:57:08.668] [DEBUG] cheese - admin
[2020-08-21T13:57:08.671] [DEBUG] cheese - null
[2020-08-21T13:57:08.671] [DEBUG] cheese - null
